Using pre-set license
Built from '2020.3/release' branch; Version is '2020.3.12f1 (b3b2c6512326) revision 11776710'; Using compiler version '192528614'; Build Type 'Release'
OS: 'Windows 10 Pro; OS build 19044.1766; Version 2009; 64bit' Language: 'ko' Physical Memory: 16322 MB
BatchMode: 1, IsHumanControllingUs: 0, StartBugReporterOnCrash: 0, Is64bit: 1, IsPro: 0

 COMMAND LINE ARGUMENTS:
C:\Program Files\Unity\Hub\Editor\2020.3.12f1\Editor\Unity.exe
-adb2
-batchMode
-noUpm
-name
AssetImportWorker0
-projectPath
C:/Users/serio/OneDrive/바탕 화면/PMG_C#
-logFile
Logs/AssetImportWorker0.log
-srvPort
8524
Successfully changed project path to: C:/Users/serio/OneDrive/바탕 화면/PMG_C#
C:/Users/serio/OneDrive/바탕 화면/PMG_C#
Using Asset Import Pipeline V2.
Refreshing native plugins compatible for Editor in 44.03 ms, found 3 plugins.
Preloading 0 native plugins for Editor in 0.00 ms.
Initialize engine version: 2020.3.12f1 (b3b2c6512326)
[Subsystems] Discovering subsystems at path C:/Program Files/Unity/Hub/Editor/2020.3.12f1/Editor/Data/Resources/UnitySubsystems
[Subsystems] Discovering subsystems at path C:/Users/serio/OneDrive/바탕 화면/PMG_C#/Assets
GfxDevice: creating device client; threaded=0
Direct3D:
    Version:  Direct3D 11.0 [level 11.1]
    Renderer: NVIDIA GeForce GTX 1660 Ti (ID=0x2182)
    Vendor:   
    VRAM:     5991 MB
    Driver:   30.0.14.7247
Initialize mono
Mono path[0] = 'C:/Program Files/Unity/Hub/Editor/2020.3.12f1/Editor/Data/Managed'
Mono path[1] = 'C:/Program Files/Unity/Hub/Editor/2020.3.12f1/Editor/Data/MonoBleedingEdge/lib/mono/unityjit'
Mono config path = 'C:/Program Files/Unity/Hub/Editor/2020.3.12f1/Editor/Data/MonoBleedingEdge/etc'
Using monoOptions --debugger-agent=transport=dt_socket,embedding=1,server=y,suspend=n,address=127.0.0.1:56272
Begin MonoManager ReloadAssembly
Registering precompiled unity dll's ...
Register platform support module: C:/Program Files/Unity/Hub/Editor/2020.3.12f1/Editor/Data/PlaybackEngines/WindowsStandaloneSupport/UnityEditor.WindowsStandalone.Extensions.dll
Registered in 0.003412 seconds.
Native extension for WindowsStandalone target not found
Refreshing native plugins compatible for Editor in 37.67 ms, found 3 plugins.
Preloading 0 native plugins for Editor in 0.00 ms.
Mono: successfully reloaded assembly
- Completed reload, in  1.916 seconds
Platform modules already initialized, skipping
Registering precompiled user dll's ...
Registered in 0.005770 seconds.
Begin MonoManager ReloadAssembly
Native extension for WindowsStandalone target not found
Refreshing native plugins compatible for Editor in 39.14 ms, found 3 plugins.
Preloading 0 native plugins for Editor in 0.00 ms.
Mono: successfully reloaded assembly
- Completed reload, in  1.087 seconds
Platform modules already initialized, skipping
========================================================================
Worker process is ready to serve import requests
Launched and connected shader compiler UnityShaderCompiler.exe after 0.05 seconds
Refreshing native plugins compatible for Editor in 0.40 ms, found 3 plugins.
Preloading 0 native plugins for Editor in 0.00 ms.
Unloading 2084 Unused Serialized files (Serialized files now loaded: 0)
System memory in use before: 95.5 MB.
System memory in use after: 95.4 MB.

Unloading 33 unused Assets to reduce memory usage. Loaded Objects now: 2517.
Total: 1.946400 ms (FindLiveObjects: 0.181600 ms CreateObjectMapping: 0.083300 ms MarkObjects: 1.573300 ms  DeleteObjects: 0.107200 ms)

AssetImportParameters requested are different than current active one (requested -> active):
  custom:framework-win-MediaFoundation: 216162199b28c13a410421893ffa2e32 -> 
  custom:video-decoder-ogg-theora: a1e56fd34408186e4bbccfd4996cb3dc -> 
  custom:container-muxer-webm: aa71ff27fc2769a1b78a27578f13a17b -> 
  custom:container-demuxer-webm: 4f35f7cbe854078d1ac9338744f61a02 -> 
  custom:container-demuxer-ogg: 62fdf1f143b41e24485cea50d1cbac27 -> 
  custom:video-encoder-webm-vp8: eb34c28f22e8b96e1ab97ce403110664 -> 
  custom:video-decoder-webm-vp8: 9c59270c3fd7afecdb556c50c9e8de78 -> 
  custom:audio-decoder-ogg-vorbis: bf7c407c2cedff20999df2af8eb42d56 -> 
  custom:audio-encoder-webm-vorbis: bf7c407c2cedff20999df2af8eb42d56 -> 
========================================================================
Received Import Request.
  path: Assets/Scripts/Terrain.cs
  artifactKey: Guid(4040dabbfeb36c74e8691cd0ff870b01) Importer(815301076,1909f56bfc062723c751e8b465ee728b)
Start importing Assets/Scripts/Terrain.cs using Guid(4040dabbfeb36c74e8691cd0ff870b01) Importer(815301076,1909f56bfc062723c751e8b465ee728b)  -> (artifact id: '1a9a7b82deefb9f8ef9dd603de8eb773') in 0.038763 seconds 
  Import took 0.042240 seconds .

========================================================================
Received Import Request.
  Time since last request: 0.000332 seconds.
  path: Assets/Scripts/MapPrinter.cs
  artifactKey: Guid(4e361e0d5ac37d34681fd02f5b5f4ced) Importer(815301076,1909f56bfc062723c751e8b465ee728b)
Start importing Assets/Scripts/MapPrinter.cs using Guid(4e361e0d5ac37d34681fd02f5b5f4ced) Importer(815301076,1909f56bfc062723c751e8b465ee728b)  -> (artifact id: '01f0b576cbf0ec8bc7eeecbe5e9401e7') in 0.006633 seconds 
  Import took 0.009902 seconds .

========================================================================
Received Prepare
Registering precompiled user dll's ...
Registered in 0.006395 seconds.
Begin MonoManager ReloadAssembly
Native extension for WindowsStandalone target not found
Refreshing native plugins compatible for Editor in 0.47 ms, found 3 plugins.
Preloading 0 native plugins for Editor in 0.00 ms.
Mono: successfully reloaded assembly
- Completed reload, in  1.021 seconds
Platform modules already initialized, skipping
Refreshing native plugins compatible for Editor in 0.43 ms, found 3 plugins.
Preloading 0 native plugins for Editor in 0.00 ms.
Unloading 2079 Unused Serialized files (Serialized files now loaded: 0)
System memory in use before: 95.5 MB.
System memory in use after: 95.4 MB.

Unloading 21 unused Assets to reduce memory usage. Loaded Objects now: 2521.
Total: 1.891500 ms (FindLiveObjects: 0.177900 ms CreateObjectMapping: 0.074900 ms MarkObjects: 1.551700 ms  DeleteObjects: 0.085900 ms)

AssetImportParameters requested are different than current active one (requested -> active):
  custom:framework-win-MediaFoundation: 216162199b28c13a410421893ffa2e32 -> 
  custom:video-decoder-ogg-theora: a1e56fd34408186e4bbccfd4996cb3dc -> 
  custom:container-muxer-webm: aa71ff27fc2769a1b78a27578f13a17b -> 
  custom:container-demuxer-webm: 4f35f7cbe854078d1ac9338744f61a02 -> 
  custom:container-demuxer-ogg: 62fdf1f143b41e24485cea50d1cbac27 -> 
  custom:video-encoder-webm-vp8: eb34c28f22e8b96e1ab97ce403110664 -> 
  custom:video-decoder-webm-vp8: 9c59270c3fd7afecdb556c50c9e8de78 -> 
  custom:audio-decoder-ogg-vorbis: bf7c407c2cedff20999df2af8eb42d56 -> 
  custom:audio-encoder-webm-vorbis: bf7c407c2cedff20999df2af8eb42d56 -> 
========================================================================
Received Prepare
Registering precompiled user dll's ...
Registered in 0.006402 seconds.
Begin MonoManager ReloadAssembly
Native extension for WindowsStandalone target not found
Refreshing native plugins compatible for Editor in 0.41 ms, found 3 plugins.
Preloading 0 native plugins for Editor in 0.00 ms.
Mono: successfully reloaded assembly
- Completed reload, in  0.995 seconds
Platform modules already initialized, skipping
Refreshing native plugins compatible for Editor in 0.41 ms, found 3 plugins.
Preloading 0 native plugins for Editor in 0.00 ms.
Unloading 2079 Unused Serialized files (Serialized files now loaded: 0)
System memory in use before: 95.5 MB.
System memory in use after: 95.5 MB.

Unloading 21 unused Assets to reduce memory usage. Loaded Objects now: 2525.
Total: 2.137800 ms (FindLiveObjects: 0.182400 ms CreateObjectMapping: 0.107600 ms MarkObjects: 1.750500 ms  DeleteObjects: 0.096300 ms)

AssetImportParameters requested are different than current active one (requested -> active):
  custom:framework-win-MediaFoundation: 216162199b28c13a410421893ffa2e32 -> 
  custom:video-decoder-ogg-theora: a1e56fd34408186e4bbccfd4996cb3dc -> 
  custom:container-muxer-webm: aa71ff27fc2769a1b78a27578f13a17b -> 
  custom:container-demuxer-webm: 4f35f7cbe854078d1ac9338744f61a02 -> 
  custom:container-demuxer-ogg: 62fdf1f143b41e24485cea50d1cbac27 -> 
  custom:video-encoder-webm-vp8: eb34c28f22e8b96e1ab97ce403110664 -> 
  custom:video-decoder-webm-vp8: 9c59270c3fd7afecdb556c50c9e8de78 -> 
  custom:audio-decoder-ogg-vorbis: bf7c407c2cedff20999df2af8eb42d56 -> 
  custom:audio-encoder-webm-vorbis: bf7c407c2cedff20999df2af8eb42d56 -> 
========================================================================
Received Prepare
Registering precompiled user dll's ...
Registered in 0.006716 seconds.
Begin MonoManager ReloadAssembly
Native extension for WindowsStandalone target not found
Refreshing native plugins compatible for Editor in 0.43 ms, found 3 plugins.
Preloading 0 native plugins for Editor in 0.00 ms.
Mono: successfully reloaded assembly
- Completed reload, in  1.034 seconds
Platform modules already initialized, skipping
Refreshing native plugins compatible for Editor in 0.41 ms, found 3 plugins.
Preloading 0 native plugins for Editor in 0.00 ms.
Unloading 2079 Unused Serialized files (Serialized files now loaded: 0)
System memory in use before: 95.5 MB.
System memory in use after: 95.5 MB.

Unloading 21 unused Assets to reduce memory usage. Loaded Objects now: 2529.
Total: 2.041800 ms (FindLiveObjects: 0.171700 ms CreateObjectMapping: 0.072800 ms MarkObjects: 1.703600 ms  DeleteObjects: 0.092600 ms)

AssetImportParameters requested are different than current active one (requested -> active):
  custom:framework-win-MediaFoundation: 216162199b28c13a410421893ffa2e32 -> 
  custom:video-decoder-ogg-theora: a1e56fd34408186e4bbccfd4996cb3dc -> 
  custom:container-muxer-webm: aa71ff27fc2769a1b78a27578f13a17b -> 
  custom:container-demuxer-webm: 4f35f7cbe854078d1ac9338744f61a02 -> 
  custom:container-demuxer-ogg: 62fdf1f143b41e24485cea50d1cbac27 -> 
  custom:video-encoder-webm-vp8: eb34c28f22e8b96e1ab97ce403110664 -> 
  custom:video-decoder-webm-vp8: 9c59270c3fd7afecdb556c50c9e8de78 -> 
  custom:audio-decoder-ogg-vorbis: bf7c407c2cedff20999df2af8eb42d56 -> 
  custom:audio-encoder-webm-vorbis: bf7c407c2cedff20999df2af8eb42d56 -> 
========================================================================
Received Prepare
Registering precompiled user dll's ...
Registered in 0.007060 seconds.
Begin MonoManager ReloadAssembly
Native extension for WindowsStandalone target not found
Refreshing native plugins compatible for Editor in 0.44 ms, found 3 plugins.
Preloading 0 native plugins for Editor in 0.00 ms.
Mono: successfully reloaded assembly
- Completed reload, in  1.004 seconds
Platform modules already initialized, skipping
Refreshing native plugins compatible for Editor in 0.43 ms, found 3 plugins.
Preloading 0 native plugins for Editor in 0.00 ms.
Unloading 2079 Unused Serialized files (Serialized files now loaded: 0)
System memory in use before: 95.5 MB.
System memory in use after: 95.5 MB.

Unloading 21 unused Assets to reduce memory usage. Loaded Objects now: 2533.
Total: 2.051200 ms (FindLiveObjects: 0.183500 ms CreateObjectMapping: 0.077800 ms MarkObjects: 1.693300 ms  DeleteObjects: 0.095100 ms)

AssetImportParameters requested are different than current active one (requested -> active):
  custom:framework-win-MediaFoundation: 216162199b28c13a410421893ffa2e32 -> 
  custom:video-decoder-ogg-theora: a1e56fd34408186e4bbccfd4996cb3dc -> 
  custom:container-muxer-webm: aa71ff27fc2769a1b78a27578f13a17b -> 
  custom:container-demuxer-webm: 4f35f7cbe854078d1ac9338744f61a02 -> 
  custom:container-demuxer-ogg: 62fdf1f143b41e24485cea50d1cbac27 -> 
  custom:video-encoder-webm-vp8: eb34c28f22e8b96e1ab97ce403110664 -> 
  custom:video-decoder-webm-vp8: 9c59270c3fd7afecdb556c50c9e8de78 -> 
  custom:audio-decoder-ogg-vorbis: bf7c407c2cedff20999df2af8eb42d56 -> 
  custom:audio-encoder-webm-vorbis: bf7c407c2cedff20999df2af8eb42d56 -> 
========================================================================
Received Prepare
Registering precompiled user dll's ...
Registered in 0.007290 seconds.
Begin MonoManager ReloadAssembly
Native extension for WindowsStandalone target not found
Refreshing native plugins compatible for Editor in 0.45 ms, found 3 plugins.
Preloading 0 native plugins for Editor in 0.00 ms.
Mono: successfully reloaded assembly
- Completed reload, in  1.042 seconds
Platform modules already initialized, skipping
Refreshing native plugins compatible for Editor in 0.41 ms, found 3 plugins.
Preloading 0 native plugins for Editor in 0.00 ms.
Unloading 2079 Unused Serialized files (Serialized files now loaded: 0)
System memory in use before: 95.6 MB.
System memory in use after: 95.5 MB.

Unloading 21 unused Assets to reduce memory usage. Loaded Objects now: 2537.
Total: 1.907800 ms (FindLiveObjects: 0.185400 ms CreateObjectMapping: 0.078600 ms MarkObjects: 1.553000 ms  DeleteObjects: 0.090000 ms)

AssetImportParameters requested are different than current active one (requested -> active):
  custom:framework-win-MediaFoundation: 216162199b28c13a410421893ffa2e32 -> 
  custom:video-decoder-ogg-theora: a1e56fd34408186e4bbccfd4996cb3dc -> 
  custom:container-muxer-webm: aa71ff27fc2769a1b78a27578f13a17b -> 
  custom:container-demuxer-webm: 4f35f7cbe854078d1ac9338744f61a02 -> 
  custom:container-demuxer-ogg: 62fdf1f143b41e24485cea50d1cbac27 -> 
  custom:video-encoder-webm-vp8: eb34c28f22e8b96e1ab97ce403110664 -> 
  custom:video-decoder-webm-vp8: 9c59270c3fd7afecdb556c50c9e8de78 -> 
  custom:audio-decoder-ogg-vorbis: bf7c407c2cedff20999df2af8eb42d56 -> 
  custom:audio-encoder-webm-vorbis: bf7c407c2cedff20999df2af8eb42d56 -> 
========================================================================
Received Prepare
Registering precompiled user dll's ...
Registered in 0.006819 seconds.
Begin MonoManager ReloadAssembly
Native extension for WindowsStandalone target not found
Refreshing native plugins compatible for Editor in 0.40 ms, found 3 plugins.
Preloading 0 native plugins for Editor in 0.00 ms.
Mono: successfully reloaded assembly
- Completed reload, in  0.955 seconds
Platform modules already initialized, skipping
Refreshing native plugins compatible for Editor in 0.40 ms, found 3 plugins.
Preloading 0 native plugins for Editor in 0.00 ms.
Unloading 2079 Unused Serialized files (Serialized files now loaded: 0)
System memory in use before: 95.6 MB.
System memory in use after: 95.5 MB.

Unloading 21 unused Assets to reduce memory usage. Loaded Objects now: 2541.
Total: 1.899300 ms (FindLiveObjects: 0.173100 ms CreateObjectMapping: 0.079600 ms MarkObjects: 1.557700 ms  DeleteObjects: 0.088200 ms)

AssetImportParameters requested are different than current active one (requested -> active):
  custom:framework-win-MediaFoundation: 216162199b28c13a410421893ffa2e32 -> 
  custom:video-decoder-ogg-theora: a1e56fd34408186e4bbccfd4996cb3dc -> 
  custom:container-muxer-webm: aa71ff27fc2769a1b78a27578f13a17b -> 
  custom:container-demuxer-webm: 4f35f7cbe854078d1ac9338744f61a02 -> 
  custom:container-demuxer-ogg: 62fdf1f143b41e24485cea50d1cbac27 -> 
  custom:video-encoder-webm-vp8: eb34c28f22e8b96e1ab97ce403110664 -> 
  custom:video-decoder-webm-vp8: 9c59270c3fd7afecdb556c50c9e8de78 -> 
  custom:audio-decoder-ogg-vorbis: bf7c407c2cedff20999df2af8eb42d56 -> 
  custom:audio-encoder-webm-vorbis: bf7c407c2cedff20999df2af8eb42d56 -> 
========================================================================
Received Prepare
Registering precompiled user dll's ...
Registered in 0.006916 seconds.
Begin MonoManager ReloadAssembly
Native extension for WindowsStandalone target not found
Refreshing native plugins compatible for Editor in 0.40 ms, found 3 plugins.
Preloading 0 native plugins for Editor in 0.00 ms.
Mono: successfully reloaded assembly
- Completed reload, in  0.985 seconds
Platform modules already initialized, skipping
Refreshing native plugins compatible for Editor in 0.45 ms, found 3 plugins.
Preloading 0 native plugins for Editor in 0.00 ms.
Unloading 2079 Unused Serialized files (Serialized files now loaded: 0)
System memory in use before: 95.6 MB.
System memory in use after: 95.6 MB.

Unloading 21 unused Assets to reduce memory usage. Loaded Objects now: 2545.
Total: 1.980500 ms (FindLiveObjects: 0.185800 ms CreateObjectMapping: 0.082300 ms MarkObjects: 1.616200 ms  DeleteObjects: 0.095400 ms)

AssetImportParameters requested are different than current active one (requested -> active):
  custom:framework-win-MediaFoundation: 216162199b28c13a410421893ffa2e32 -> 
  custom:video-decoder-ogg-theora: a1e56fd34408186e4bbccfd4996cb3dc -> 
  custom:container-muxer-webm: aa71ff27fc2769a1b78a27578f13a17b -> 
  custom:container-demuxer-webm: 4f35f7cbe854078d1ac9338744f61a02 -> 
  custom:container-demuxer-ogg: 62fdf1f143b41e24485cea50d1cbac27 -> 
  custom:video-encoder-webm-vp8: eb34c28f22e8b96e1ab97ce403110664 -> 
  custom:video-decoder-webm-vp8: 9c59270c3fd7afecdb556c50c9e8de78 -> 
  custom:audio-decoder-ogg-vorbis: bf7c407c2cedff20999df2af8eb42d56 -> 
  custom:audio-encoder-webm-vorbis: bf7c407c2cedff20999df2af8eb42d56 -> 
========================================================================
Received Import Request.
  Time since last request: 604.008127 seconds.
  path: Assets/Scripts/MapPrinter.cs
  artifactKey: Guid(4e361e0d5ac37d34681fd02f5b5f4ced) Importer(815301076,1909f56bfc062723c751e8b465ee728b)
Start importing Assets/Scripts/MapPrinter.cs using Guid(4e361e0d5ac37d34681fd02f5b5f4ced) Importer(815301076,1909f56bfc062723c751e8b465ee728b)  -> (artifact id: '6decf6be91c33f05783050111097e74c') in 0.009144 seconds 
  Import took 0.013680 seconds .

========================================================================
Received Import Request.
  Time since last request: 2.896451 seconds.
  path: Assets/Scripts/Generator/SquareMapGenerator.cs
  artifactKey: Guid(890c99551026905418da14e374d49267) Importer(815301076,1909f56bfc062723c751e8b465ee728b)
Start importing Assets/Scripts/Generator/SquareMapGenerator.cs using Guid(890c99551026905418da14e374d49267) Importer(815301076,1909f56bfc062723c751e8b465ee728b)  -> (artifact id: '056094cd76b39eb2857b3f97fab3374c') in 0.007225 seconds 
  Import took 0.010586 seconds .

========================================================================
Received Prepare
Registering precompiled user dll's ...
Registered in 0.007196 seconds.
Begin MonoManager ReloadAssembly
Native extension for WindowsStandalone target not found
Refreshing native plugins compatible for Editor in 0.41 ms, found 3 plugins.
Preloading 0 native plugins for Editor in 0.00 ms.
Mono: successfully reloaded assembly
- Completed reload, in  0.967 seconds
Platform modules already initialized, skipping
Refreshing native plugins compatible for Editor in 0.41 ms, found 3 plugins.
Preloading 0 native plugins for Editor in 0.00 ms.
Unloading 2079 Unused Serialized files (Serialized files now loaded: 0)
System memory in use before: 95.6 MB.
System memory in use after: 95.6 MB.

Unloading 21 unused Assets to reduce memory usage. Loaded Objects now: 2549.
Total: 1.880600 ms (FindLiveObjects: 0.173700 ms CreateObjectMapping: 0.079500 ms MarkObjects: 1.539100 ms  DeleteObjects: 0.087400 ms)

AssetImportParameters requested are different than current active one (requested -> active):
  custom:framework-win-MediaFoundation: 216162199b28c13a410421893ffa2e32 -> 
  custom:video-decoder-ogg-theora: a1e56fd34408186e4bbccfd4996cb3dc -> 
  custom:container-muxer-webm: aa71ff27fc2769a1b78a27578f13a17b -> 
  custom:container-demuxer-webm: 4f35f7cbe854078d1ac9338744f61a02 -> 
  custom:container-demuxer-ogg: 62fdf1f143b41e24485cea50d1cbac27 -> 
  custom:video-encoder-webm-vp8: eb34c28f22e8b96e1ab97ce403110664 -> 
  custom:video-decoder-webm-vp8: 9c59270c3fd7afecdb556c50c9e8de78 -> 
  custom:audio-decoder-ogg-vorbis: bf7c407c2cedff20999df2af8eb42d56 -> 
  custom:audio-encoder-webm-vorbis: bf7c407c2cedff20999df2af8eb42d56 -> 
========================================================================
Received Prepare
Registering precompiled user dll's ...
Registered in 0.008508 seconds.
Begin MonoManager ReloadAssembly
Native extension for WindowsStandalone target not found
Refreshing native plugins compatible for Editor in 0.54 ms, found 3 plugins.
Preloading 0 native plugins for Editor in 0.00 ms.
Mono: successfully reloaded assembly
- Completed reload, in  1.049 seconds
Platform modules already initialized, skipping
Refreshing native plugins compatible for Editor in 0.42 ms, found 3 plugins.
Preloading 0 native plugins for Editor in 0.00 ms.
Unloading 2079 Unused Serialized files (Serialized files now loaded: 0)
System memory in use before: 95.6 MB.
System memory in use after: 95.6 MB.

Unloading 21 unused Assets to reduce memory usage. Loaded Objects now: 2553.
Total: 2.084700 ms (FindLiveObjects: 0.209600 ms CreateObjectMapping: 0.093500 ms MarkObjects: 1.688900 ms  DeleteObjects: 0.091500 ms)

AssetImportParameters requested are different than current active one (requested -> active):
  custom:framework-win-MediaFoundation: 216162199b28c13a410421893ffa2e32 -> 
  custom:video-decoder-ogg-theora: a1e56fd34408186e4bbccfd4996cb3dc -> 
  custom:container-muxer-webm: aa71ff27fc2769a1b78a27578f13a17b -> 
  custom:container-demuxer-webm: 4f35f7cbe854078d1ac9338744f61a02 -> 
  custom:container-demuxer-ogg: 62fdf1f143b41e24485cea50d1cbac27 -> 
  custom:video-encoder-webm-vp8: eb34c28f22e8b96e1ab97ce403110664 -> 
  custom:video-decoder-webm-vp8: 9c59270c3fd7afecdb556c50c9e8de78 -> 
  custom:audio-decoder-ogg-vorbis: bf7c407c2cedff20999df2af8eb42d56 -> 
  custom:audio-encoder-webm-vorbis: bf7c407c2cedff20999df2af8eb42d56 -> 
========================================================================
Received Prepare
Registering precompiled user dll's ...
Registered in 0.006846 seconds.
Begin MonoManager ReloadAssembly
Native extension for WindowsStandalone target not found
Refreshing native plugins compatible for Editor in 0.40 ms, found 3 plugins.
Preloading 0 native plugins for Editor in 0.00 ms.
Mono: successfully reloaded assembly
- Completed reload, in  0.967 seconds
Platform modules already initialized, skipping
Refreshing native plugins compatible for Editor in 0.41 ms, found 3 plugins.
Preloading 0 native plugins for Editor in 0.00 ms.
Unloading 2079 Unused Serialized files (Serialized files now loaded: 0)
System memory in use before: 95.6 MB.
System memory in use after: 95.6 MB.

Unloading 21 unused Assets to reduce memory usage. Loaded Objects now: 2557.
Total: 1.946900 ms (FindLiveObjects: 0.177900 ms CreateObjectMapping: 0.072000 ms MarkObjects: 1.608700 ms  DeleteObjects: 0.087600 ms)

AssetImportParameters requested are different than current active one (requested -> active):
  custom:framework-win-MediaFoundation: 216162199b28c13a410421893ffa2e32 -> 
  custom:video-decoder-ogg-theora: a1e56fd34408186e4bbccfd4996cb3dc -> 
  custom:container-muxer-webm: aa71ff27fc2769a1b78a27578f13a17b -> 
  custom:container-demuxer-webm: 4f35f7cbe854078d1ac9338744f61a02 -> 
  custom:container-demuxer-ogg: 62fdf1f143b41e24485cea50d1cbac27 -> 
  custom:video-encoder-webm-vp8: eb34c28f22e8b96e1ab97ce403110664 -> 
  custom:video-decoder-webm-vp8: 9c59270c3fd7afecdb556c50c9e8de78 -> 
  custom:audio-decoder-ogg-vorbis: bf7c407c2cedff20999df2af8eb42d56 -> 
  custom:audio-encoder-webm-vorbis: bf7c407c2cedff20999df2af8eb42d56 -> 
========================================================================
Received Prepare
Registering precompiled user dll's ...
Registered in 0.008470 seconds.
Begin MonoManager ReloadAssembly
Native extension for WindowsStandalone target not found
Refreshing native plugins compatible for Editor in 0.42 ms, found 3 plugins.
Preloading 0 native plugins for Editor in 0.00 ms.
Mono: successfully reloaded assembly
- Completed reload, in  0.981 seconds
Platform modules already initialized, skipping
Refreshing native plugins compatible for Editor in 0.41 ms, found 3 plugins.
Preloading 0 native plugins for Editor in 0.00 ms.
Unloading 2079 Unused Serialized files (Serialized files now loaded: 0)
System memory in use before: 95.6 MB.
System memory in use after: 95.6 MB.

Unloading 21 unused Assets to reduce memory usage. Loaded Objects now: 2561.
Total: 2.183600 ms (FindLiveObjects: 0.170100 ms CreateObjectMapping: 0.076500 ms MarkObjects: 1.830600 ms  DeleteObjects: 0.105500 ms)

AssetImportParameters requested are different than current active one (requested -> active):
  custom:framework-win-MediaFoundation: 216162199b28c13a410421893ffa2e32 -> 
  custom:video-decoder-ogg-theora: a1e56fd34408186e4bbccfd4996cb3dc -> 
  custom:container-muxer-webm: aa71ff27fc2769a1b78a27578f13a17b -> 
  custom:container-demuxer-webm: 4f35f7cbe854078d1ac9338744f61a02 -> 
  custom:container-demuxer-ogg: 62fdf1f143b41e24485cea50d1cbac27 -> 
  custom:video-encoder-webm-vp8: eb34c28f22e8b96e1ab97ce403110664 -> 
  custom:video-decoder-webm-vp8: 9c59270c3fd7afecdb556c50c9e8de78 -> 
  custom:audio-decoder-ogg-vorbis: bf7c407c2cedff20999df2af8eb42d56 -> 
  custom:audio-encoder-webm-vorbis: bf7c407c2cedff20999df2af8eb42d56 -> 
========================================================================
Received Prepare
Registering precompiled user dll's ...
Registered in 0.006661 seconds.
Begin MonoManager ReloadAssembly
Native extension for WindowsStandalone target not found
Refreshing native plugins compatible for Editor in 0.41 ms, found 3 plugins.
Preloading 0 native plugins for Editor in 0.00 ms.
Mono: successfully reloaded assembly
- Completed reload, in  0.959 seconds
Platform modules already initialized, skipping
Refreshing native plugins compatible for Editor in 0.40 ms, found 3 plugins.
Preloading 0 native plugins for Editor in 0.00 ms.
Unloading 2079 Unused Serialized files (Serialized files now loaded: 0)
System memory in use before: 95.6 MB.
System memory in use after: 95.6 MB.

Unloading 21 unused Assets to reduce memory usage. Loaded Objects now: 2565.
Total: 2.089400 ms (FindLiveObjects: 0.187000 ms CreateObjectMapping: 0.070900 ms MarkObjects: 1.742400 ms  DeleteObjects: 0.088400 ms)

AssetImportParameters requested are different than current active one (requested -> active):
  custom:framework-win-MediaFoundation: 216162199b28c13a410421893ffa2e32 -> 
  custom:video-decoder-ogg-theora: a1e56fd34408186e4bbccfd4996cb3dc -> 
  custom:container-muxer-webm: aa71ff27fc2769a1b78a27578f13a17b -> 
  custom:container-demuxer-webm: 4f35f7cbe854078d1ac9338744f61a02 -> 
  custom:container-demuxer-ogg: 62fdf1f143b41e24485cea50d1cbac27 -> 
  custom:video-encoder-webm-vp8: eb34c28f22e8b96e1ab97ce403110664 -> 
  custom:video-decoder-webm-vp8: 9c59270c3fd7afecdb556c50c9e8de78 -> 
  custom:audio-decoder-ogg-vorbis: bf7c407c2cedff20999df2af8eb42d56 -> 
  custom:audio-encoder-webm-vorbis: bf7c407c2cedff20999df2af8eb42d56 -> 
========================================================================
Received Prepare
Registering precompiled user dll's ...
Registered in 0.007654 seconds.
Begin MonoManager ReloadAssembly
Native extension for WindowsStandalone target not found
Refreshing native plugins compatible for Editor in 0.45 ms, found 3 plugins.
Preloading 0 native plugins for Editor in 0.00 ms.
Mono: successfully reloaded assembly
- Completed reload, in  1.100 seconds
Platform modules already initialized, skipping
Refreshing native plugins compatible for Editor in 0.46 ms, found 3 plugins.
Preloading 0 native plugins for Editor in 0.00 ms.
Unloading 2079 Unused Serialized files (Serialized files now loaded: 0)
System memory in use before: 95.6 MB.
System memory in use after: 95.6 MB.

Unloading 21 unused Assets to reduce memory usage. Loaded Objects now: 2569.
Total: 2.075000 ms (FindLiveObjects: 0.187400 ms CreateObjectMapping: 0.078100 ms MarkObjects: 1.716000 ms  DeleteObjects: 0.092200 ms)

AssetImportParameters requested are different than current active one (requested -> active):
  custom:framework-win-MediaFoundation: 216162199b28c13a410421893ffa2e32 -> 
  custom:video-decoder-ogg-theora: a1e56fd34408186e4bbccfd4996cb3dc -> 
  custom:container-muxer-webm: aa71ff27fc2769a1b78a27578f13a17b -> 
  custom:container-demuxer-webm: 4f35f7cbe854078d1ac9338744f61a02 -> 
  custom:container-demuxer-ogg: 62fdf1f143b41e24485cea50d1cbac27 -> 
  custom:video-encoder-webm-vp8: eb34c28f22e8b96e1ab97ce403110664 -> 
  custom:video-decoder-webm-vp8: 9c59270c3fd7afecdb556c50c9e8de78 -> 
  custom:audio-decoder-ogg-vorbis: bf7c407c2cedff20999df2af8eb42d56 -> 
  custom:audio-encoder-webm-vorbis: bf7c407c2cedff20999df2af8eb42d56 -> 
========================================================================
Received Prepare
Registering precompiled user dll's ...
Registered in 0.006913 seconds.
Begin MonoManager ReloadAssembly
Native extension for WindowsStandalone target not found
Refreshing native plugins compatible for Editor in 0.40 ms, found 3 plugins.
Preloading 0 native plugins for Editor in 0.00 ms.
Mono: successfully reloaded assembly
- Completed reload, in  0.972 seconds
Platform modules already initialized, skipping
Refreshing native plugins compatible for Editor in 0.40 ms, found 3 plugins.
Preloading 0 native plugins for Editor in 0.00 ms.
Unloading 2079 Unused Serialized files (Serialized files now loaded: 0)
System memory in use before: 95.6 MB.
System memory in use after: 95.6 MB.

Unloading 21 unused Assets to reduce memory usage. Loaded Objects now: 2573.
Total: 1.922800 ms (FindLiveObjects: 0.185200 ms CreateObjectMapping: 0.077300 ms MarkObjects: 1.571200 ms  DeleteObjects: 0.087800 ms)

AssetImportParameters requested are different than current active one (requested -> active):
  custom:framework-win-MediaFoundation: 216162199b28c13a410421893ffa2e32 -> 
  custom:video-decoder-ogg-theora: a1e56fd34408186e4bbccfd4996cb3dc -> 
  custom:container-muxer-webm: aa71ff27fc2769a1b78a27578f13a17b -> 
  custom:container-demuxer-webm: 4f35f7cbe854078d1ac9338744f61a02 -> 
  custom:container-demuxer-ogg: 62fdf1f143b41e24485cea50d1cbac27 -> 
  custom:video-encoder-webm-vp8: eb34c28f22e8b96e1ab97ce403110664 -> 
  custom:video-decoder-webm-vp8: 9c59270c3fd7afecdb556c50c9e8de78 -> 
  custom:audio-decoder-ogg-vorbis: bf7c407c2cedff20999df2af8eb42d56 -> 
  custom:audio-encoder-webm-vorbis: bf7c407c2cedff20999df2af8eb42d56 -> 
========================================================================
Received Prepare
Registering precompiled user dll's ...
Registered in 0.007810 seconds.
Begin MonoManager ReloadAssembly
Native extension for WindowsStandalone target not found
Refreshing native plugins compatible for Editor in 0.45 ms, found 3 plugins.
Preloading 0 native plugins for Editor in 0.00 ms.
Mono: successfully reloaded assembly
- Completed reload, in  1.082 seconds
Platform modules already initialized, skipping
Refreshing native plugins compatible for Editor in 0.41 ms, found 3 plugins.
Preloading 0 native plugins for Editor in 0.00 ms.
Unloading 2079 Unused Serialized files (Serialized files now loaded: 0)
System memory in use before: 95.6 MB.
System memory in use after: 95.6 MB.

Unloading 21 unused Assets to reduce memory usage. Loaded Objects now: 2577.
Total: 2.091700 ms (FindLiveObjects: 0.184500 ms CreateObjectMapping: 0.081400 ms MarkObjects: 1.714800 ms  DeleteObjects: 0.110000 ms)

AssetImportParameters requested are different than current active one (requested -> active):
  custom:framework-win-MediaFoundation: 216162199b28c13a410421893ffa2e32 -> 
  custom:video-decoder-ogg-theora: a1e56fd34408186e4bbccfd4996cb3dc -> 
  custom:container-muxer-webm: aa71ff27fc2769a1b78a27578f13a17b -> 
  custom:container-demuxer-webm: 4f35f7cbe854078d1ac9338744f61a02 -> 
  custom:container-demuxer-ogg: 62fdf1f143b41e24485cea50d1cbac27 -> 
  custom:video-encoder-webm-vp8: eb34c28f22e8b96e1ab97ce403110664 -> 
  custom:video-decoder-webm-vp8: 9c59270c3fd7afecdb556c50c9e8de78 -> 
  custom:audio-decoder-ogg-vorbis: bf7c407c2cedff20999df2af8eb42d56 -> 
  custom:audio-encoder-webm-vorbis: bf7c407c2cedff20999df2af8eb42d56 -> 
========================================================================
Received Import Request.
  Time since last request: 357.705227 seconds.
  path: Assets/Resources/UI
  artifactKey: Guid(ffaa488e740fcba4da9e71cdd88e8622) Importer(815301076,1909f56bfc062723c751e8b465ee728b)
Start importing Assets/Resources/UI using Guid(ffaa488e740fcba4da9e71cdd88e8622) Importer(815301076,1909f56bfc062723c751e8b465ee728b)  -> (artifact id: '7ff5b4207a569f499f559450968f60ec') in 0.017674 seconds 
  Import took 0.021354 seconds .

========================================================================
Received Import Request.
  Time since last request: 0.046152 seconds.
  path: Assets/Resources/UI/cardungeon.png
  artifactKey: Guid(31f6947cdb1897f4fa4e016a099e8797) Importer(815301076,1909f56bfc062723c751e8b465ee728b)
Start importing Assets/Resources/UI/cardungeon.png using Guid(31f6947cdb1897f4fa4e016a099e8797) Importer(815301076,1909f56bfc062723c751e8b465ee728b)  -> (artifact id: 'a4f61791d55c4a47fce29d2c77f5c22e') in 0.137454 seconds 
  Import took 0.140949 seconds .

========================================================================
Received Import Request.
  Time since last request: 0.000246 seconds.
  path: Assets/Resources/UI/empty_slot.png
  artifactKey: Guid(d12e91a42e1999b4dbb8dedc0380c2db) Importer(815301076,1909f56bfc062723c751e8b465ee728b)
Start importing Assets/Resources/UI/empty_slot.png using Guid(d12e91a42e1999b4dbb8dedc0380c2db) Importer(815301076,1909f56bfc062723c751e8b465ee728b)  -> (artifact id: '71e76bbd8e7a34aebd439a94cfb79a7d') in 0.018874 seconds 
  Import took 0.022441 seconds .

========================================================================
Received Import Request.
  Time since last request: 0.000218 seconds.
  path: Assets/Resources/UI/조사 버튼.png
  artifactKey: Guid(c6f5f78c89d4d8049bee6f3edfa45349) Importer(815301076,1909f56bfc062723c751e8b465ee728b)
Start importing Assets/Resources/UI/조사 버튼.png using Guid(c6f5f78c89d4d8049bee6f3edfa45349) Importer(815301076,1909f56bfc062723c751e8b465ee728b)  -> (artifact id: 'ff0cafaacf8e6695aaffee89f9d8c06d') in 0.017701 seconds 
  Import took 0.020967 seconds .

========================================================================
Received Import Request.
  Time since last request: 0.000219 seconds.
  path: Assets/Resources/UI/discarded_slot.png
  artifactKey: Guid(fa88f5d68c357c14ea41ab51e9ff4adc) Importer(815301076,1909f56bfc062723c751e8b465ee728b)
Start importing Assets/Resources/UI/discarded_slot.png using Guid(fa88f5d68c357c14ea41ab51e9ff4adc) Importer(815301076,1909f56bfc062723c751e8b465ee728b)  -> (artifact id: '7f32ba6c097062226f91cedf4e670e82') in 0.016745 seconds 
  Import took 0.019967 seconds .

========================================================================
Received Import Request.
  Time since last request: 0.000201 seconds.
  path: Assets/Resources/UI/temp_carduneon.png
  artifactKey: Guid(ed6681602f846ab4b8980fe30af6b8d6) Importer(815301076,1909f56bfc062723c751e8b465ee728b)
Start importing Assets/Resources/UI/temp_carduneon.png using Guid(ed6681602f846ab4b8980fe30af6b8d6) Importer(815301076,1909f56bfc062723c751e8b465ee728b)  -> (artifact id: 'd6ec595da3b5e87f2a9024c1237028b8') in 0.018316 seconds 
  Import took 0.021683 seconds .

========================================================================
Received Import Request.
  Time since last request: 0.000190 seconds.
  path: Assets/Resources/UI/discarded_slot.png
  artifactKey: Guid(fa88f5d68c357c14ea41ab51e9ff4adc) Importer(815301076,1909f56bfc062723c751e8b465ee728b)
Start importing Assets/Resources/UI/discarded_slot.png using Guid(fa88f5d68c357c14ea41ab51e9ff4adc) Importer(815301076,1909f56bfc062723c751e8b465ee728b)  -> (artifact id: '7f32ba6c097062226f91cedf4e670e82') in 0.008752 seconds 
  Import took 0.011747 seconds .

========================================================================
Received Import Request.
  Time since last request: 0.000238 seconds.
  path: Assets/Resources/UI/게임 오버.png
  artifactKey: Guid(44fa5c493129e48408d7207eef907cbc) Importer(815301076,1909f56bfc062723c751e8b465ee728b)
Start importing Assets/Resources/UI/게임 오버.png using Guid(44fa5c493129e48408d7207eef907cbc) Importer(815301076,1909f56bfc062723c751e8b465ee728b)  -> (artifact id: '667342722874da4d3fe055ae18cb0f9f') in 0.018245 seconds 
  Import took 0.026741 seconds .

========================================================================
Received Import Request.
  Time since last request: 0.000231 seconds.
  path: Assets/Resources/UI/중독 상태.png
  artifactKey: Guid(5dfe41a17ef9ecf4bbfc14784acbeb0a) Importer(815301076,1909f56bfc062723c751e8b465ee728b)
Start importing Assets/Resources/UI/중독 상태.png using Guid(5dfe41a17ef9ecf4bbfc14784acbeb0a) Importer(815301076,1909f56bfc062723c751e8b465ee728b)  -> (artifact id: 'f022d563cf4c6eb2d7c43c07b65d75a7') in 0.016544 seconds 
  Import took 0.020025 seconds .

========================================================================
Received Import Request.
  Time since last request: 0.000208 seconds.
  path: Assets/Resources/UI/images.png
  artifactKey: Guid(416b4d7f298da7f42b268969ea75c768) Importer(815301076,1909f56bfc062723c751e8b465ee728b)
Start importing Assets/Resources/UI/images.png using Guid(416b4d7f298da7f42b268969ea75c768) Importer(815301076,1909f56bfc062723c751e8b465ee728b)  -> (artifact id: 'fe00544ff04d03103a71375b27adc782') in 0.018571 seconds 
  Import took 0.021783 seconds .

========================================================================
Received Import Request.
  Time since last request: 0.000220 seconds.
  path: Assets/Resources/UI/급류 상태.png
  artifactKey: Guid(1c1e85b03d0a29d40858a11d832c576e) Importer(815301076,1909f56bfc062723c751e8b465ee728b)
Start importing Assets/Resources/UI/급류 상태.png using Guid(1c1e85b03d0a29d40858a11d832c576e) Importer(815301076,1909f56bfc062723c751e8b465ee728b)  -> (artifact id: 'b3e81faf1f3dd1554a5e0c8910007db9') in 0.016358 seconds 
  Import took 0.019628 seconds .

========================================================================
Received Import Request.
  Time since last request: 0.000264 seconds.
  path: Assets/Resources/UI/약화 상태.png
  artifactKey: Guid(449693056bc5098419e1a43efa3ec349) Importer(815301076,1909f56bfc062723c751e8b465ee728b)
Start importing Assets/Resources/UI/약화 상태.png using Guid(449693056bc5098419e1a43efa3ec349) Importer(815301076,1909f56bfc062723c751e8b465ee728b)  -> (artifact id: '0747b79d7939e1e48cba556d3c95677b') in 0.015550 seconds 
  Import took 0.019110 seconds .

========================================================================
Received Import Request.
  Time since last request: 0.000272 seconds.
  path: Assets/Resources/UI/휴식 버튼.png
  artifactKey: Guid(b8d0eb9275d969943a558e08ef1ebd79) Importer(815301076,1909f56bfc062723c751e8b465ee728b)
Start importing Assets/Resources/UI/휴식 버튼.png using Guid(b8d0eb9275d969943a558e08ef1ebd79) Importer(815301076,1909f56bfc062723c751e8b465ee728b)  -> (artifact id: '776ef9210c332b45eda05769af816300') in 0.015749 seconds 
  Import took 0.019108 seconds .

========================================================================
Received Import Request.
  Time since last request: 0.000214 seconds.
  path: Assets/Resources/UI/Square.png
  artifactKey: Guid(adff0f9884ea3854690ef63031e32ecf) Importer(815301076,1909f56bfc062723c751e8b465ee728b)
Start importing Assets/Resources/UI/Square.png using Guid(adff0f9884ea3854690ef63031e32ecf) Importer(815301076,1909f56bfc062723c751e8b465ee728b)  -> (artifact id: '9d706650fb30e576db42753bf6022fe8') in 0.017830 seconds 
  Import took 0.021171 seconds .

========================================================================
Received Import Request.
  Time since last request: 0.000207 seconds.
  path: Assets/Resources/UI/발화 상태.png
  artifactKey: Guid(9b38852b767bf4d459c7314499fc46ab) Importer(815301076,1909f56bfc062723c751e8b465ee728b)
Start importing Assets/Resources/UI/발화 상태.png using Guid(9b38852b767bf4d459c7314499fc46ab) Importer(815301076,1909f56bfc062723c751e8b465ee728b)  -> (artifact id: 'a57b51193a9feafd102d989e35d9f542') in 0.016317 seconds 
  Import took 0.019580 seconds .

========================================================================
Received Import Request.
  Time since last request: 0.000395 seconds.
  path: Assets/Resources/UI/게임 클리어.png
  artifactKey: Guid(c81e9485a3ef09944a86d817530c31ef) Importer(815301076,1909f56bfc062723c751e8b465ee728b)
Start importing Assets/Resources/UI/게임 클리어.png using Guid(c81e9485a3ef09944a86d817530c31ef) Importer(815301076,1909f56bfc062723c751e8b465ee728b)  -> (artifact id: 'e5d2e02776551e815b7b808689be5477') in 0.037728 seconds 
  Import took 0.040815 seconds .

========================================================================
Received Import Request.
  Time since last request: 0.000234 seconds.
  path: Assets/Resources/UI/drawable_slot.png
  artifactKey: Guid(705e99b691c55804a8e08b81aa9533f0) Importer(815301076,1909f56bfc062723c751e8b465ee728b)
Start importing Assets/Resources/UI/drawable_slot.png using Guid(705e99b691c55804a8e08b81aa9533f0) Importer(815301076,1909f56bfc062723c751e8b465ee728b)  -> (artifact id: 'd79efcd280ace51a742a4653b7944a0e') in 0.017378 seconds 
  Import took 0.020761 seconds .

========================================================================
Received Import Request.
  Time since last request: 0.000277 seconds.
  path: Assets/Resources/UI/기절 상태.png
  artifactKey: Guid(7c9dd08c066e93f4c86eededaec99a4e) Importer(815301076,1909f56bfc062723c751e8b465ee728b)
Start importing Assets/Resources/UI/기절 상태.png using Guid(7c9dd08c066e93f4c86eededaec99a4e) Importer(815301076,1909f56bfc062723c751e8b465ee728b)  -> (artifact id: '509b2a5103365a44e7f8cdb18f3e4379') in 0.016129 seconds 
  Import took 0.019514 seconds .

========================================================================
Received Import Request.
  Time since last request: 0.000192 seconds.
  path: Assets/Resources/UI/조사 커서.png
  artifactKey: Guid(d9dd04d0e20a0a34baf14815943a3439) Importer(815301076,1909f56bfc062723c751e8b465ee728b)
Start importing Assets/Resources/UI/조사 커서.png using Guid(d9dd04d0e20a0a34baf14815943a3439) Importer(815301076,1909f56bfc062723c751e8b465ee728b)  -> (artifact id: '338ec811f8b17dbef3897850a2aa1a6b') in 0.032679 seconds 
  Import took 0.036021 seconds .

========================================================================
Received Import Request.
  Time since last request: 0.000202 seconds.
  path: Assets/Resources/UI/셔플 버튼.png
  artifactKey: Guid(246fad4094640e548abfa4755580fea6) Importer(815301076,1909f56bfc062723c751e8b465ee728b)
Start importing Assets/Resources/UI/셔플 버튼.png using Guid(246fad4094640e548abfa4755580fea6) Importer(815301076,1909f56bfc062723c751e8b465ee728b)  -> (artifact id: 'b60b8deb91bcd5fcdf91a09d338544cb') in 0.016849 seconds 
  Import took 0.020399 seconds .

========================================================================
Received Import Request.
  Time since last request: 0.000239 seconds.
  path: Assets/Resources/UI/종료 버튼.png
  artifactKey: Guid(88f9983de74b6d34688271c0fb3793d3) Importer(815301076,1909f56bfc062723c751e8b465ee728b)
Start importing Assets/Resources/UI/종료 버튼.png using Guid(88f9983de74b6d34688271c0fb3793d3) Importer(815301076,1909f56bfc062723c751e8b465ee728b)  -> (artifact id: '80e8ba906ac35565184a5906de05a483') in 0.017121 seconds 
  Import took 0.021084 seconds .

========================================================================
Received Import Request.
  Time since last request: 0.000235 seconds.
  path: Assets/Resources/UI/셔플 버튼.png
  artifactKey: Guid(246fad4094640e548abfa4755580fea6) Importer(815301076,1909f56bfc062723c751e8b465ee728b)
Start importing Assets/Resources/UI/셔플 버튼.png using Guid(246fad4094640e548abfa4755580fea6) Importer(815301076,1909f56bfc062723c751e8b465ee728b)  -> (artifact id: 'b60b8deb91bcd5fcdf91a09d338544cb') in 0.008927 seconds 
  Import took 0.012305 seconds .

========================================================================
Received Import Request.
  Time since last request: 0.000229 seconds.
  path: Assets/Resources/UI/종료 버튼.png
  artifactKey: Guid(88f9983de74b6d34688271c0fb3793d3) Importer(815301076,1909f56bfc062723c751e8b465ee728b)
Start importing Assets/Resources/UI/종료 버튼.png using Guid(88f9983de74b6d34688271c0fb3793d3) Importer(815301076,1909f56bfc062723c751e8b465ee728b)  -> (artifact id: '80e8ba906ac35565184a5906de05a483') in 0.008560 seconds 
  Import took 0.012339 seconds .

========================================================================
Received Import Request.
  Time since last request: 2.196820 seconds.
  path: Assets/Resources/effect
  artifactKey: Guid(909b1f6c6eb84df4ea6f0febaecadc26) Importer(815301076,1909f56bfc062723c751e8b465ee728b)
Start importing Assets/Resources/effect using Guid(909b1f6c6eb84df4ea6f0febaecadc26) Importer(815301076,1909f56bfc062723c751e8b465ee728b)  -> (artifact id: 'e3c16435eef5fe5f31caec15c068bbb9') in 0.007201 seconds 
  Import took 0.010415 seconds .

========================================================================
Received Import Request.
  Time since last request: 0.067883 seconds.
  path: Assets/Resources/effect/dok.png
  artifactKey: Guid(11dc3ca0f9cbb084c8257f3657973fdf) Importer(815301076,1909f56bfc062723c751e8b465ee728b)
Start importing Assets/Resources/effect/dok.png using Guid(11dc3ca0f9cbb084c8257f3657973fdf) Importer(815301076,1909f56bfc062723c751e8b465ee728b)  -> (artifact id: '8d97415a9c3e6fa3d0f427df3e206002') in 0.026749 seconds 
  Import took 0.030203 seconds .

========================================================================
Received Import Request.
  Time since last request: 0.000236 seconds.
  path: Assets/Resources/effect/taljin.png
  artifactKey: Guid(8b971f7512939a14d808f4fcc43b748c) Importer(815301076,1909f56bfc062723c751e8b465ee728b)
Start importing Assets/Resources/effect/taljin.png using Guid(8b971f7512939a14d808f4fcc43b748c) Importer(815301076,1909f56bfc062723c751e8b465ee728b)  -> (artifact id: '06e30a4f46aba9a78ec4752afc5fa41f') in 0.022408 seconds 
  Import took 0.025560 seconds .

========================================================================
Received Import Request.
  Time since last request: 1.487561 seconds.
  path: Assets/Resources/Card
  artifactKey: Guid(65b2da796eba6f849a331af6361c889b) Importer(815301076,1909f56bfc062723c751e8b465ee728b)
Start importing Assets/Resources/Card using Guid(65b2da796eba6f849a331af6361c889b) Importer(815301076,1909f56bfc062723c751e8b465ee728b)  -> (artifact id: 'aa4be10df778e978996b7b692b683081') in 0.007507 seconds 
  Import took 0.010772 seconds .

========================================================================
Received Import Request.
  Time since last request: 0.063830 seconds.
  path: Assets/Resources/Card/급류.png
  artifactKey: Guid(c2541e83d02b2844eabf5ae3605b1a62) Importer(815301076,1909f56bfc062723c751e8b465ee728b)
Start importing Assets/Resources/Card/급류.png using Guid(c2541e83d02b2844eabf5ae3605b1a62) Importer(815301076,1909f56bfc062723c751e8b465ee728b)  -> (artifact id: 'dcf2cfa9b74f4d2c3ef373a641e5a307') in 0.017666 seconds 
  Import took 0.021134 seconds .

========================================================================
Received Import Request.
  Time since last request: 0.000204 seconds.
  path: Assets/Resources/Card/임시 급류.png
  artifactKey: Guid(99863e084a3d0a94b970aec6560619bd) Importer(815301076,1909f56bfc062723c751e8b465ee728b)
Start importing Assets/Resources/Card/임시 급류.png using Guid(99863e084a3d0a94b970aec6560619bd) Importer(815301076,1909f56bfc062723c751e8b465ee728b)  -> (artifact id: '5c39fdb488b970ae26ae3d0d9324cd34') in 0.019218 seconds 
  Import took 0.022433 seconds .

========================================================================
Received Import Request.
  Time since last request: 0.000205 seconds.
  path: Assets/Resources/Card/수읽기.png
  artifactKey: Guid(3459a6d9352b06a4bb1eb4698df5fbea) Importer(815301076,1909f56bfc062723c751e8b465ee728b)
Start importing Assets/Resources/Card/수읽기.png using Guid(3459a6d9352b06a4bb1eb4698df5fbea) Importer(815301076,1909f56bfc062723c751e8b465ee728b)  -> (artifact id: '15031d7e1dfd1cee7c1133e10fbf535c') in 0.017497 seconds 
  Import took 0.020953 seconds .

========================================================================
Received Import Request.
  Time since last request: 0.000252 seconds.
  path: Assets/Resources/Card/임시 방어.png
  artifactKey: Guid(0b580123eaaa5714fbdf9676070f9ceb) Importer(815301076,1909f56bfc062723c751e8b465ee728b)
Start importing Assets/Resources/Card/임시 방어.png using Guid(0b580123eaaa5714fbdf9676070f9ceb) Importer(815301076,1909f56bfc062723c751e8b465ee728b)  -> (artifact id: '2748c00d1d7079012fc15f3c04fb8284') in 0.016583 seconds 
  Import took 0.019882 seconds .

========================================================================
Received Import Request.
  Time since last request: 0.000219 seconds.
  path: Assets/Resources/Card/임시 중독.png
  artifactKey: Guid(7d4331f7aa2328340ab6c0c1484e6f55) Importer(815301076,1909f56bfc062723c751e8b465ee728b)
Start importing Assets/Resources/Card/임시 중독.png using Guid(7d4331f7aa2328340ab6c0c1484e6f55) Importer(815301076,1909f56bfc062723c751e8b465ee728b)  -> (artifact id: 'bfc834025bf9bb5cd29a2703622dec06') in 0.016756 seconds 
  Import took 0.019986 seconds .

========================================================================
Received Import Request.
  Time since last request: 0.000203 seconds.
  path: Assets/Resources/Card/임시 강타.png
  artifactKey: Guid(062924baa4166a043af89bfc9d5e2de9) Importer(815301076,1909f56bfc062723c751e8b465ee728b)
Start importing Assets/Resources/Card/임시 강타.png using Guid(062924baa4166a043af89bfc9d5e2de9) Importer(815301076,1909f56bfc062723c751e8b465ee728b)  -> (artifact id: '4357b1c8df1b844dddda634e3b55a34d') in 0.017699 seconds 
  Import took 0.020892 seconds .

========================================================================
Received Import Request.
  Time since last request: 0.000224 seconds.
  path: Assets/Resources/Card/상처 찌르기.png
  artifactKey: Guid(21fd775632501a240abcbe880578e721) Importer(815301076,1909f56bfc062723c751e8b465ee728b)
Start importing Assets/Resources/Card/상처 찌르기.png using Guid(21fd775632501a240abcbe880578e721) Importer(815301076,1909f56bfc062723c751e8b465ee728b)  -> (artifact id: '31f64cfa40525d096864bffbd47d7c9f') in 0.021199 seconds 
  Import took 0.024588 seconds .

========================================================================
Received Import Request.
  Time since last request: 0.000203 seconds.
  path: Assets/Resources/Card/급소 찌르기.png
  artifactKey: Guid(7d7c45211767b1e4b904999201c78f80) Importer(815301076,1909f56bfc062723c751e8b465ee728b)
Start importing Assets/Resources/Card/급소 찌르기.png using Guid(7d7c45211767b1e4b904999201c78f80) Importer(815301076,1909f56bfc062723c751e8b465ee728b)  -> (artifact id: '1440ee433c00144b389010255796f9a8') in 0.017049 seconds 
  Import took 0.020137 seconds .

========================================================================
Received Import Request.
  Time since last request: 0.000188 seconds.
  path: Assets/Resources/Card/연속 공격.png
  artifactKey: Guid(7105c094c834f0149b0043cef33d93f1) Importer(815301076,1909f56bfc062723c751e8b465ee728b)
Start importing Assets/Resources/Card/연속 공격.png using Guid(7105c094c834f0149b0043cef33d93f1) Importer(815301076,1909f56bfc062723c751e8b465ee728b)  -> (artifact id: 'b59185a857edfb5f46341d8c2a9372d2') in 0.017277 seconds 
  Import took 0.020655 seconds .

========================================================================
Received Import Request.
  Time since last request: 0.000209 seconds.
  path: Assets/Resources/Card/임시 발화.png
  artifactKey: Guid(1ca299931b8bf4447ac059e415000a5a) Importer(815301076,1909f56bfc062723c751e8b465ee728b)
Start importing Assets/Resources/Card/임시 발화.png using Guid(1ca299931b8bf4447ac059e415000a5a) Importer(815301076,1909f56bfc062723c751e8b465ee728b)  -> (artifact id: 'fe707fb537e05def33668985f88553d5') in 0.018712 seconds 
  Import took 0.021847 seconds .

========================================================================
Received Import Request.
  Time since last request: 0.000228 seconds.
  path: Assets/Resources/Card/카드 배경.png
  artifactKey: Guid(2d4a40008e5726446bdc9a1ddf735871) Importer(815301076,1909f56bfc062723c751e8b465ee728b)
Start importing Assets/Resources/Card/카드 배경.png using Guid(2d4a40008e5726446bdc9a1ddf735871) Importer(815301076,1909f56bfc062723c751e8b465ee728b)  -> (artifact id: 'c6c8122c07db1f941957df7489fe32de') in 0.016865 seconds 
  Import took 0.020328 seconds .

========================================================================
Received Import Request.
  Time since last request: 0.000211 seconds.
  path: Assets/Resources/Card/화살 쏘기.png
  artifactKey: Guid(deacab95601fbf94299da18567d73382) Importer(815301076,1909f56bfc062723c751e8b465ee728b)
Start importing Assets/Resources/Card/화살 쏘기.png using Guid(deacab95601fbf94299da18567d73382) Importer(815301076,1909f56bfc062723c751e8b465ee728b)  -> (artifact id: '205abdee1de6d799bf8b9c0c60715ab5') in 0.017794 seconds 
  Import took 0.021143 seconds .

========================================================================
Received Import Request.
  Time since last request: 0.000227 seconds.
  path: Assets/Resources/Card/다리 걸기.png
  artifactKey: Guid(27765a965647fc04e934639cbea5ee06) Importer(815301076,1909f56bfc062723c751e8b465ee728b)
Start importing Assets/Resources/Card/다리 걸기.png using Guid(27765a965647fc04e934639cbea5ee06) Importer(815301076,1909f56bfc062723c751e8b465ee728b)  -> (artifact id: 'b98e08769ca7900d61350b9dde062dcb') in 0.021981 seconds 
  Import took 0.025724 seconds .

========================================================================
Received Import Request.
  Time since last request: 0.000215 seconds.
  path: Assets/Resources/Card/화살 쏘기.png
  artifactKey: Guid(deacab95601fbf94299da18567d73382) Importer(815301076,1909f56bfc062723c751e8b465ee728b)
Start importing Assets/Resources/Card/화살 쏘기.png using Guid(deacab95601fbf94299da18567d73382) Importer(815301076,1909f56bfc062723c751e8b465ee728b)  -> (artifact id: '205abdee1de6d799bf8b9c0c60715ab5') in 0.010527 seconds 
  Import took 0.013717 seconds .

========================================================================
Received Import Request.
  Time since last request: 0.000254 seconds.
  path: Assets/Resources/Card/은밀한 공격.png
  artifactKey: Guid(c2c83c88e29dc2d4b8420fe2f0352757) Importer(815301076,1909f56bfc062723c751e8b465ee728b)
Start importing Assets/Resources/Card/은밀한 공격.png using Guid(c2c83c88e29dc2d4b8420fe2f0352757) Importer(815301076,1909f56bfc062723c751e8b465ee728b)  -> (artifact id: '215b2aff337e0e48a4768cdf82000a45') in 0.017576 seconds 
  Import took 0.021460 seconds .

========================================================================
Received Import Request.
  Time since last request: 0.000242 seconds.
  path: Assets/Resources/Card/임시 기절.png
  artifactKey: Guid(29f6400f1b588ea49b4326dc7a083792) Importer(815301076,1909f56bfc062723c751e8b465ee728b)
Start importing Assets/Resources/Card/임시 기절.png using Guid(29f6400f1b588ea49b4326dc7a083792) Importer(815301076,1909f56bfc062723c751e8b465ee728b)  -> (artifact id: '23b3ce31ff473f13d33a5cc74539c5f6') in 0.017640 seconds 
  Import took 0.021035 seconds .

========================================================================
Received Import Request.
  Time since last request: 0.000201 seconds.
  path: Assets/Resources/Card/숨 고르기.png
  artifactKey: Guid(ffd58347933d0e141aee2de65acdd38b) Importer(815301076,1909f56bfc062723c751e8b465ee728b)
Start importing Assets/Resources/Card/숨 고르기.png using Guid(ffd58347933d0e141aee2de65acdd38b) Importer(815301076,1909f56bfc062723c751e8b465ee728b)  -> (artifact id: '755311b676c37927660bc931375508fb') in 0.019354 seconds 
  Import took 0.022997 seconds .

========================================================================
Received Import Request.
  Time since last request: 0.000256 seconds.
  path: Assets/Resources/Card/임시 공격.png
  artifactKey: Guid(5cae96aaa7566c94882d7d1ecbd469f6) Importer(815301076,1909f56bfc062723c751e8b465ee728b)
Start importing Assets/Resources/Card/임시 공격.png using Guid(5cae96aaa7566c94882d7d1ecbd469f6) Importer(815301076,1909f56bfc062723c751e8b465ee728b)  -> (artifact id: 'd0d34037a11c028670ffdc57aafbc7a3') in 0.017804 seconds 
  Import took 0.021398 seconds .

========================================================================
Received Import Request.
  Time since last request: 1.175717 seconds.
  path: Assets/Resources/animation
  artifactKey: Guid(88d5e843423be0945ad482586dc0d642) Importer(815301076,1909f56bfc062723c751e8b465ee728b)
Start importing Assets/Resources/animation using Guid(88d5e843423be0945ad482586dc0d642) Importer(815301076,1909f56bfc062723c751e8b465ee728b)  -> (artifact id: 'd676ec2fe589310b141caf1eca0ec280') in 0.007523 seconds 
  Import took 0.010882 seconds .

========================================================================
Received Import Request.
  Time since last request: 52.882808 seconds.
  path: Assets/Resources/prefabs
  artifactKey: Guid(667dc85133f175a4582fdc66f8fe8d70) Importer(815301076,1909f56bfc062723c751e8b465ee728b)
Start importing Assets/Resources/prefabs using Guid(667dc85133f175a4582fdc66f8fe8d70) Importer(815301076,1909f56bfc062723c751e8b465ee728b)  -> (artifact id: 'af5857eec29fd5791cb924a861d27183') in 0.006439 seconds 
  Import took 0.010290 seconds .

========================================================================
Received Import Request.
  Time since last request: 2.739639 seconds.
  path: Assets/Resources/prefabs/Tiles
  artifactKey: Guid(0c11d686443da0149bde9d9f7ace925b) Importer(815301076,1909f56bfc062723c751e8b465ee728b)
Start importing Assets/Resources/prefabs/Tiles using Guid(0c11d686443da0149bde9d9f7ace925b) Importer(815301076,1909f56bfc062723c751e8b465ee728b)  -> (artifact id: '3ea490ecd055acd1c0c58aa9bb07f4b3') in 0.006212 seconds 
  Import took 0.010853 seconds .

========================================================================
Received Import Request.
  Time since last request: 2.256222 seconds.
  path: Assets/Resources/prefabs/Tiles/Normal
  artifactKey: Guid(2f5a27b44fdaa5940ab91648f7e2c0de) Importer(815301076,1909f56bfc062723c751e8b465ee728b)
Start importing Assets/Resources/prefabs/Tiles/Normal using Guid(2f5a27b44fdaa5940ab91648f7e2c0de) Importer(815301076,1909f56bfc062723c751e8b465ee728b)  -> (artifact id: 'cf9edebb5b88d89d5f845d795741bd92') in 0.006291 seconds 
  Import took 0.010992 seconds .

========================================================================
Received Import Request.
  Time since last request: 0.035611 seconds.
  path: Assets/Resources/prefabs/Tiles/Normal/DoorTile.prefab
  artifactKey: Guid(d68a253817161b14f99a8809a475b5c9) Importer(815301076,1909f56bfc062723c751e8b465ee728b)
Start importing Assets/Resources/prefabs/Tiles/Normal/DoorTile.prefab using Guid(d68a253817161b14f99a8809a475b5c9) Importer(815301076,1909f56bfc062723c751e8b465ee728b)  -> (artifact id: '843354d2900a66a4972a4d191d84b744') in 0.071737 seconds 
  Import took 0.075098 seconds .

========================================================================
Received Import Request.
  Time since last request: 0.000258 seconds.
  path: Assets/Resources/prefabs/Tiles/Normal/WallTile.prefab
  artifactKey: Guid(912e9092285e75b4ea02324eaec73071) Importer(815301076,1909f56bfc062723c751e8b465ee728b)
Start importing Assets/Resources/prefabs/Tiles/Normal/WallTile.prefab using Guid(912e9092285e75b4ea02324eaec73071) Importer(815301076,1909f56bfc062723c751e8b465ee728b)  -> (artifact id: '1d68899905884c03621d1531e801120f') in 0.011984 seconds 
  Import took 0.015013 seconds .

========================================================================
Received Import Request.
  Time since last request: 0.000253 seconds.
  path: Assets/Resources/prefabs/Tiles/Normal/Upstairs.prefab
  artifactKey: Guid(2bda7e5e6240dd14fb6fc9af80a62179) Importer(815301076,1909f56bfc062723c751e8b465ee728b)
Start importing Assets/Resources/prefabs/Tiles/Normal/Upstairs.prefab using Guid(2bda7e5e6240dd14fb6fc9af80a62179) Importer(815301076,1909f56bfc062723c751e8b465ee728b)  -> (artifact id: '2559261ce95d253514b5f177d2b2e4cf') in 0.012639 seconds 
  Import took 0.016029 seconds .

========================================================================
Received Import Request.
  Time since last request: 0.000244 seconds.
  path: Assets/Resources/prefabs/Tiles/Normal/Generator.prefab
  artifactKey: Guid(4eb4f5fedf2c0654e90a1b5c4ac98261) Importer(815301076,1909f56bfc062723c751e8b465ee728b)
Start importing Assets/Resources/prefabs/Tiles/Normal/Generator.prefab using Guid(4eb4f5fedf2c0654e90a1b5c4ac98261) Importer(815301076,1909f56bfc062723c751e8b465ee728b)  -> (artifact id: '9a0185832589105e284efef291de5323') in 0.011971 seconds 
  Import took 0.015560 seconds .

========================================================================
Received Import Request.
  Time since last request: 0.000268 seconds.
  path: Assets/Resources/prefabs/Tiles/Normal/FloorTile.prefab
  artifactKey: Guid(12018e049b402d04a831d2bdb42fe52f) Importer(815301076,1909f56bfc062723c751e8b465ee728b)
Start importing Assets/Resources/prefabs/Tiles/Normal/FloorTile.prefab using Guid(12018e049b402d04a831d2bdb42fe52f) Importer(815301076,1909f56bfc062723c751e8b465ee728b)  -> (artifact id: '36e718deb7fe88fce2defc8e90b0c892') in 0.012184 seconds 
  Import took 0.015468 seconds .

========================================================================
Received Import Request.
  Time since last request: 0.000198 seconds.
  path: Assets/Resources/prefabs/Tiles/Normal/Downstairs.prefab
  artifactKey: Guid(7d99b82577a006d4a96a18673b4886a8) Importer(815301076,1909f56bfc062723c751e8b465ee728b)
Start importing Assets/Resources/prefabs/Tiles/Normal/Downstairs.prefab using Guid(7d99b82577a006d4a96a18673b4886a8) Importer(815301076,1909f56bfc062723c751e8b465ee728b)  -> (artifact id: 'be29ec1914fa22d25c39985dea4b7d73') in 0.012730 seconds 
  Import took 0.016088 seconds .

========================================================================
Received Prepare
Registering precompiled user dll's ...
Registered in 0.008115 seconds.
Begin MonoManager ReloadAssembly
Native extension for WindowsStandalone target not found
Refreshing native plugins compatible for Editor in 0.42 ms, found 3 plugins.
Preloading 0 native plugins for Editor in 0.00 ms.
Mono: successfully reloaded assembly
- Completed reload, in  0.986 seconds
Platform modules already initialized, skipping
Refreshing native plugins compatible for Editor in 0.50 ms, found 3 plugins.
Preloading 0 native plugins for Editor in 0.00 ms.
Unloading 2079 Unused Serialized files (Serialized files now loaded: 0)
System memory in use before: 98.7 MB.
System memory in use after: 98.7 MB.

Unloading 21 unused Assets to reduce memory usage. Loaded Objects now: 2615.
Total: 1.980700 ms (FindLiveObjects: 0.195300 ms CreateObjectMapping: 0.077400 ms MarkObjects: 1.620400 ms  DeleteObjects: 0.086600 ms)

AssetImportParameters requested are different than current active one (requested -> active):
  custom:framework-win-MediaFoundation: 216162199b28c13a410421893ffa2e32 -> 
  custom:video-decoder-ogg-theora: a1e56fd34408186e4bbccfd4996cb3dc -> 
  custom:container-muxer-webm: aa71ff27fc2769a1b78a27578f13a17b -> 
  custom:container-demuxer-webm: 4f35f7cbe854078d1ac9338744f61a02 -> 
  custom:container-demuxer-ogg: 62fdf1f143b41e24485cea50d1cbac27 -> 
  custom:video-encoder-webm-vp8: eb34c28f22e8b96e1ab97ce403110664 -> 
  custom:video-decoder-webm-vp8: 9c59270c3fd7afecdb556c50c9e8de78 -> 
  custom:audio-decoder-ogg-vorbis: bf7c407c2cedff20999df2af8eb42d56 -> 
  custom:audio-encoder-webm-vorbis: bf7c407c2cedff20999df2af8eb42d56 -> 
========================================================================
Received Prepare
Registering precompiled user dll's ...
Registered in 0.008157 seconds.
Begin MonoManager ReloadAssembly
Native extension for WindowsStandalone target not found
Refreshing native plugins compatible for Editor in 0.47 ms, found 3 plugins.
Preloading 0 native plugins for Editor in 0.00 ms.
Mono: successfully reloaded assembly
- Completed reload, in  1.051 seconds
Platform modules already initialized, skipping
Refreshing native plugins compatible for Editor in 0.40 ms, found 3 plugins.
Preloading 0 native plugins for Editor in 0.00 ms.
Unloading 2079 Unused Serialized files (Serialized files now loaded: 0)
System memory in use before: 98.7 MB.
System memory in use after: 98.7 MB.

Unloading 21 unused Assets to reduce memory usage. Loaded Objects now: 2619.
Total: 2.195800 ms (FindLiveObjects: 0.209700 ms CreateObjectMapping: 0.096200 ms MarkObjects: 1.792300 ms  DeleteObjects: 0.096400 ms)

AssetImportParameters requested are different than current active one (requested -> active):
  custom:framework-win-MediaFoundation: 216162199b28c13a410421893ffa2e32 -> 
  custom:video-decoder-ogg-theora: a1e56fd34408186e4bbccfd4996cb3dc -> 
  custom:container-muxer-webm: aa71ff27fc2769a1b78a27578f13a17b -> 
  custom:container-demuxer-webm: 4f35f7cbe854078d1ac9338744f61a02 -> 
  custom:container-demuxer-ogg: 62fdf1f143b41e24485cea50d1cbac27 -> 
  custom:video-encoder-webm-vp8: eb34c28f22e8b96e1ab97ce403110664 -> 
  custom:video-decoder-webm-vp8: 9c59270c3fd7afecdb556c50c9e8de78 -> 
  custom:audio-decoder-ogg-vorbis: bf7c407c2cedff20999df2af8eb42d56 -> 
  custom:audio-encoder-webm-vorbis: bf7c407c2cedff20999df2af8eb42d56 -> 
========================================================================
Received Prepare
Registering precompiled user dll's ...
Registered in 0.007471 seconds.
Begin MonoManager ReloadAssembly
Native extension for WindowsStandalone target not found
Refreshing native plugins compatible for Editor in 0.45 ms, found 3 plugins.
Preloading 0 native plugins for Editor in 0.00 ms.
Mono: successfully reloaded assembly
- Completed reload, in  1.075 seconds
Platform modules already initialized, skipping
Refreshing native plugins compatible for Editor in 0.41 ms, found 3 plugins.
Preloading 0 native plugins for Editor in 0.00 ms.
Unloading 2079 Unused Serialized files (Serialized files now loaded: 0)
System memory in use before: 98.7 MB.
System memory in use after: 98.7 MB.

Unloading 21 unused Assets to reduce memory usage. Loaded Objects now: 2623.
Total: 2.246800 ms (FindLiveObjects: 0.191000 ms CreateObjectMapping: 0.078500 ms MarkObjects: 1.879400 ms  DeleteObjects: 0.096900 ms)

AssetImportParameters requested are different than current active one (requested -> active):
  custom:framework-win-MediaFoundation: 216162199b28c13a410421893ffa2e32 -> 
  custom:video-decoder-ogg-theora: a1e56fd34408186e4bbccfd4996cb3dc -> 
  custom:container-muxer-webm: aa71ff27fc2769a1b78a27578f13a17b -> 
  custom:container-demuxer-webm: 4f35f7cbe854078d1ac9338744f61a02 -> 
  custom:container-demuxer-ogg: 62fdf1f143b41e24485cea50d1cbac27 -> 
  custom:video-encoder-webm-vp8: eb34c28f22e8b96e1ab97ce403110664 -> 
  custom:video-decoder-webm-vp8: 9c59270c3fd7afecdb556c50c9e8de78 -> 
  custom:audio-decoder-ogg-vorbis: bf7c407c2cedff20999df2af8eb42d56 -> 
  custom:audio-encoder-webm-vorbis: bf7c407c2cedff20999df2af8eb42d56 -> 
========================================================================
Received Prepare
Registering precompiled user dll's ...
Registered in 0.006747 seconds.
Begin MonoManager ReloadAssembly
Native extension for WindowsStandalone target not found
Refreshing native plugins compatible for Editor in 0.43 ms, found 3 plugins.
Preloading 0 native plugins for Editor in 0.00 ms.
Mono: successfully reloaded assembly
- Completed reload, in  1.068 seconds
Platform modules already initialized, skipping
Refreshing native plugins compatible for Editor in 0.42 ms, found 3 plugins.
Preloading 0 native plugins for Editor in 0.00 ms.
Unloading 2079 Unused Serialized files (Serialized files now loaded: 0)
System memory in use before: 98.7 MB.
System memory in use after: 98.7 MB.

Unloading 21 unused Assets to reduce memory usage. Loaded Objects now: 2627.
Total: 3.289900 ms (FindLiveObjects: 0.365900 ms CreateObjectMapping: 0.245100 ms MarkObjects: 2.526500 ms  DeleteObjects: 0.150900 ms)

AssetImportParameters requested are different than current active one (requested -> active):
  custom:framework-win-MediaFoundation: 216162199b28c13a410421893ffa2e32 -> 
  custom:video-decoder-ogg-theora: a1e56fd34408186e4bbccfd4996cb3dc -> 
  custom:container-muxer-webm: aa71ff27fc2769a1b78a27578f13a17b -> 
  custom:container-demuxer-webm: 4f35f7cbe854078d1ac9338744f61a02 -> 
  custom:container-demuxer-ogg: 62fdf1f143b41e24485cea50d1cbac27 -> 
  custom:video-encoder-webm-vp8: eb34c28f22e8b96e1ab97ce403110664 -> 
  custom:video-decoder-webm-vp8: 9c59270c3fd7afecdb556c50c9e8de78 -> 
  custom:audio-decoder-ogg-vorbis: bf7c407c2cedff20999df2af8eb42d56 -> 
  custom:audio-encoder-webm-vorbis: bf7c407c2cedff20999df2af8eb42d56 -> 
========================================================================
Received Prepare
Registering precompiled user dll's ...
Registered in 0.007215 seconds.
Begin MonoManager ReloadAssembly
Native extension for WindowsStandalone target not found
Refreshing native plugins compatible for Editor in 0.47 ms, found 3 plugins.
Preloading 0 native plugins for Editor in 0.00 ms.
Mono: successfully reloaded assembly
- Completed reload, in  0.982 seconds
Platform modules already initialized, skipping
Refreshing native plugins compatible for Editor in 0.41 ms, found 3 plugins.
Preloading 0 native plugins for Editor in 0.00 ms.
Unloading 2079 Unused Serialized files (Serialized files now loaded: 0)
System memory in use before: 98.7 MB.
System memory in use after: 98.7 MB.

Unloading 21 unused Assets to reduce memory usage. Loaded Objects now: 2631.
Total: 2.045800 ms (FindLiveObjects: 0.192100 ms CreateObjectMapping: 0.085200 ms MarkObjects: 1.669100 ms  DeleteObjects: 0.098300 ms)

AssetImportParameters requested are different than current active one (requested -> active):
  custom:framework-win-MediaFoundation: 216162199b28c13a410421893ffa2e32 -> 
  custom:video-decoder-ogg-theora: a1e56fd34408186e4bbccfd4996cb3dc -> 
  custom:container-muxer-webm: aa71ff27fc2769a1b78a27578f13a17b -> 
  custom:container-demuxer-webm: 4f35f7cbe854078d1ac9338744f61a02 -> 
  custom:container-demuxer-ogg: 62fdf1f143b41e24485cea50d1cbac27 -> 
  custom:video-encoder-webm-vp8: eb34c28f22e8b96e1ab97ce403110664 -> 
  custom:video-decoder-webm-vp8: 9c59270c3fd7afecdb556c50c9e8de78 -> 
  custom:audio-decoder-ogg-vorbis: bf7c407c2cedff20999df2af8eb42d56 -> 
  custom:audio-encoder-webm-vorbis: bf7c407c2cedff20999df2af8eb42d56 -> 
========================================================================
Received Prepare
Registering precompiled user dll's ...
Registered in 0.006674 seconds.
Begin MonoManager ReloadAssembly
Native extension for WindowsStandalone target not found
Refreshing native plugins compatible for Editor in 0.41 ms, found 3 plugins.
Preloading 0 native plugins for Editor in 0.00 ms.
Mono: successfully reloaded assembly
- Completed reload, in  0.989 seconds
Platform modules already initialized, skipping
Refreshing native plugins compatible for Editor in 0.45 ms, found 3 plugins.
Preloading 0 native plugins for Editor in 0.00 ms.
Unloading 2079 Unused Serialized files (Serialized files now loaded: 0)
System memory in use before: 98.7 MB.
System memory in use after: 98.7 MB.

Unloading 21 unused Assets to reduce memory usage. Loaded Objects now: 2635.
Total: 2.005300 ms (FindLiveObjects: 0.187100 ms CreateObjectMapping: 0.075500 ms MarkObjects: 1.651200 ms  DeleteObjects: 0.090500 ms)

AssetImportParameters requested are different than current active one (requested -> active):
  custom:framework-win-MediaFoundation: 216162199b28c13a410421893ffa2e32 -> 
  custom:video-decoder-ogg-theora: a1e56fd34408186e4bbccfd4996cb3dc -> 
  custom:container-muxer-webm: aa71ff27fc2769a1b78a27578f13a17b -> 
  custom:container-demuxer-webm: 4f35f7cbe854078d1ac9338744f61a02 -> 
  custom:container-demuxer-ogg: 62fdf1f143b41e24485cea50d1cbac27 -> 
  custom:video-encoder-webm-vp8: eb34c28f22e8b96e1ab97ce403110664 -> 
  custom:video-decoder-webm-vp8: 9c59270c3fd7afecdb556c50c9e8de78 -> 
  custom:audio-decoder-ogg-vorbis: bf7c407c2cedff20999df2af8eb42d56 -> 
  custom:audio-encoder-webm-vorbis: bf7c407c2cedff20999df2af8eb42d56 -> 
========================================================================
Received Prepare
Registering precompiled user dll's ...
Registered in 0.006869 seconds.
Begin MonoManager ReloadAssembly
Native extension for WindowsStandalone target not found
Refreshing native plugins compatible for Editor in 0.42 ms, found 3 plugins.
Preloading 0 native plugins for Editor in 0.00 ms.
Mono: successfully reloaded assembly
- Completed reload, in  0.986 seconds
Platform modules already initialized, skipping
Refreshing native plugins compatible for Editor in 0.45 ms, found 3 plugins.
Preloading 0 native plugins for Editor in 0.00 ms.
Unloading 2079 Unused Serialized files (Serialized files now loaded: 0)
System memory in use before: 98.8 MB.
System memory in use after: 98.7 MB.

Unloading 21 unused Assets to reduce memory usage. Loaded Objects now: 2639.
Total: 1.962800 ms (FindLiveObjects: 0.185000 ms CreateObjectMapping: 0.078600 ms MarkObjects: 1.606700 ms  DeleteObjects: 0.091400 ms)

AssetImportParameters requested are different than current active one (requested -> active):
  custom:framework-win-MediaFoundation: 216162199b28c13a410421893ffa2e32 -> 
  custom:video-decoder-ogg-theora: a1e56fd34408186e4bbccfd4996cb3dc -> 
  custom:container-muxer-webm: aa71ff27fc2769a1b78a27578f13a17b -> 
  custom:container-demuxer-webm: 4f35f7cbe854078d1ac9338744f61a02 -> 
  custom:container-demuxer-ogg: 62fdf1f143b41e24485cea50d1cbac27 -> 
  custom:video-encoder-webm-vp8: eb34c28f22e8b96e1ab97ce403110664 -> 
  custom:video-decoder-webm-vp8: 9c59270c3fd7afecdb556c50c9e8de78 -> 
  custom:audio-decoder-ogg-vorbis: bf7c407c2cedff20999df2af8eb42d56 -> 
  custom:audio-encoder-webm-vorbis: bf7c407c2cedff20999df2af8eb42d56 -> 
========================================================================
Received Prepare
Registering precompiled user dll's ...
Registered in 0.006790 seconds.
Begin MonoManager ReloadAssembly
Native extension for WindowsStandalone target not found
Refreshing native plugins compatible for Editor in 0.41 ms, found 3 plugins.
Preloading 0 native plugins for Editor in 0.00 ms.
Mono: successfully reloaded assembly
- Completed reload, in  0.984 seconds
Platform modules already initialized, skipping
Refreshing native plugins compatible for Editor in 0.43 ms, found 3 plugins.
Preloading 0 native plugins for Editor in 0.00 ms.
Unloading 2079 Unused Serialized files (Serialized files now loaded: 0)
System memory in use before: 98.8 MB.
System memory in use after: 98.8 MB.

Unloading 21 unused Assets to reduce memory usage. Loaded Objects now: 2643.
Total: 2.034200 ms (FindLiveObjects: 0.183300 ms CreateObjectMapping: 0.075200 ms MarkObjects: 1.683200 ms  DeleteObjects: 0.091500 ms)

AssetImportParameters requested are different than current active one (requested -> active):
  custom:framework-win-MediaFoundation: 216162199b28c13a410421893ffa2e32 -> 
  custom:video-decoder-ogg-theora: a1e56fd34408186e4bbccfd4996cb3dc -> 
  custom:container-muxer-webm: aa71ff27fc2769a1b78a27578f13a17b -> 
  custom:container-demuxer-webm: 4f35f7cbe854078d1ac9338744f61a02 -> 
  custom:container-demuxer-ogg: 62fdf1f143b41e24485cea50d1cbac27 -> 
  custom:video-encoder-webm-vp8: eb34c28f22e8b96e1ab97ce403110664 -> 
  custom:video-decoder-webm-vp8: 9c59270c3fd7afecdb556c50c9e8de78 -> 
  custom:audio-decoder-ogg-vorbis: bf7c407c2cedff20999df2af8eb42d56 -> 
  custom:audio-encoder-webm-vorbis: bf7c407c2cedff20999df2af8eb42d56 -> 
========================================================================
Received Prepare
Registering precompiled user dll's ...
Registered in 0.008162 seconds.
Begin MonoManager ReloadAssembly
Native extension for WindowsStandalone target not found
Refreshing native plugins compatible for Editor in 0.43 ms, found 3 plugins.
Preloading 0 native plugins for Editor in 0.00 ms.
Mono: successfully reloaded assembly
- Completed reload, in  1.077 seconds
Platform modules already initialized, skipping
Refreshing native plugins compatible for Editor in 0.41 ms, found 3 plugins.
Preloading 0 native plugins for Editor in 0.00 ms.
Unloading 2079 Unused Serialized files (Serialized files now loaded: 0)
System memory in use before: 98.8 MB.
System memory in use after: 98.8 MB.

Unloading 21 unused Assets to reduce memory usage. Loaded Objects now: 2647.
Total: 2.279400 ms (FindLiveObjects: 0.189300 ms CreateObjectMapping: 0.080000 ms MarkObjects: 1.869400 ms  DeleteObjects: 0.139300 ms)

AssetImportParameters requested are different than current active one (requested -> active):
  custom:framework-win-MediaFoundation: 216162199b28c13a410421893ffa2e32 -> 
  custom:video-decoder-ogg-theora: a1e56fd34408186e4bbccfd4996cb3dc -> 
  custom:container-muxer-webm: aa71ff27fc2769a1b78a27578f13a17b -> 
  custom:container-demuxer-webm: 4f35f7cbe854078d1ac9338744f61a02 -> 
  custom:container-demuxer-ogg: 62fdf1f143b41e24485cea50d1cbac27 -> 
  custom:video-encoder-webm-vp8: eb34c28f22e8b96e1ab97ce403110664 -> 
  custom:video-decoder-webm-vp8: 9c59270c3fd7afecdb556c50c9e8de78 -> 
  custom:audio-decoder-ogg-vorbis: bf7c407c2cedff20999df2af8eb42d56 -> 
  custom:audio-encoder-webm-vorbis: bf7c407c2cedff20999df2af8eb42d56 -> 
========================================================================
Received Prepare
Registering precompiled user dll's ...
Registered in 0.006694 seconds.
Begin MonoManager ReloadAssembly
Native extension for WindowsStandalone target not found
Refreshing native plugins compatible for Editor in 0.41 ms, found 3 plugins.
Preloading 0 native plugins for Editor in 0.00 ms.
Mono: successfully reloaded assembly
- Completed reload, in  0.977 seconds
Platform modules already initialized, skipping
Refreshing native plugins compatible for Editor in 0.41 ms, found 3 plugins.
Preloading 0 native plugins for Editor in 0.00 ms.
Unloading 2079 Unused Serialized files (Serialized files now loaded: 0)
System memory in use before: 98.8 MB.
System memory in use after: 98.8 MB.

Unloading 21 unused Assets to reduce memory usage. Loaded Objects now: 2651.
Total: 2.063800 ms (FindLiveObjects: 0.179900 ms CreateObjectMapping: 0.078600 ms MarkObjects: 1.702200 ms  DeleteObjects: 0.102100 ms)

AssetImportParameters requested are different than current active one (requested -> active):
  custom:framework-win-MediaFoundation: 216162199b28c13a410421893ffa2e32 -> 
  custom:video-decoder-ogg-theora: a1e56fd34408186e4bbccfd4996cb3dc -> 
  custom:container-muxer-webm: aa71ff27fc2769a1b78a27578f13a17b -> 
  custom:container-demuxer-webm: 4f35f7cbe854078d1ac9338744f61a02 -> 
  custom:container-demuxer-ogg: 62fdf1f143b41e24485cea50d1cbac27 -> 
  custom:video-encoder-webm-vp8: eb34c28f22e8b96e1ab97ce403110664 -> 
  custom:video-decoder-webm-vp8: 9c59270c3fd7afecdb556c50c9e8de78 -> 
  custom:audio-decoder-ogg-vorbis: bf7c407c2cedff20999df2af8eb42d56 -> 
  custom:audio-encoder-webm-vorbis: bf7c407c2cedff20999df2af8eb42d56 -> 
========================================================================
Received Prepare
Registering precompiled user dll's ...
Registered in 0.007037 seconds.
Begin MonoManager ReloadAssembly
Native extension for WindowsStandalone target not found
Refreshing native plugins compatible for Editor in 0.41 ms, found 3 plugins.
Preloading 0 native plugins for Editor in 0.00 ms.
Mono: successfully reloaded assembly
- Completed reload, in  0.972 seconds
Platform modules already initialized, skipping
Refreshing native plugins compatible for Editor in 0.40 ms, found 3 plugins.
Preloading 0 native plugins for Editor in 0.00 ms.
Unloading 2079 Unused Serialized files (Serialized files now loaded: 0)
System memory in use before: 98.8 MB.
System memory in use after: 98.8 MB.

Unloading 21 unused Assets to reduce memory usage. Loaded Objects now: 2655.
Total: 2.127400 ms (FindLiveObjects: 0.221500 ms CreateObjectMapping: 0.089000 ms MarkObjects: 1.718900 ms  DeleteObjects: 0.097000 ms)

AssetImportParameters requested are different than current active one (requested -> active):
  custom:framework-win-MediaFoundation: 216162199b28c13a410421893ffa2e32 -> 
  custom:video-decoder-ogg-theora: a1e56fd34408186e4bbccfd4996cb3dc -> 
  custom:container-muxer-webm: aa71ff27fc2769a1b78a27578f13a17b -> 
  custom:container-demuxer-webm: 4f35f7cbe854078d1ac9338744f61a02 -> 
  custom:container-demuxer-ogg: 62fdf1f143b41e24485cea50d1cbac27 -> 
  custom:video-encoder-webm-vp8: eb34c28f22e8b96e1ab97ce403110664 -> 
  custom:video-decoder-webm-vp8: 9c59270c3fd7afecdb556c50c9e8de78 -> 
  custom:audio-decoder-ogg-vorbis: bf7c407c2cedff20999df2af8eb42d56 -> 
  custom:audio-encoder-webm-vorbis: bf7c407c2cedff20999df2af8eb42d56 -> 
========================================================================
Received Prepare
Registering precompiled user dll's ...
Registered in 0.007082 seconds.
Begin MonoManager ReloadAssembly
Native extension for WindowsStandalone target not found
Refreshing native plugins compatible for Editor in 0.41 ms, found 3 plugins.
Preloading 0 native plugins for Editor in 0.00 ms.
Mono: successfully reloaded assembly
- Completed reload, in  0.995 seconds
Platform modules already initialized, skipping
Refreshing native plugins compatible for Editor in 0.41 ms, found 3 plugins.
Preloading 0 native plugins for Editor in 0.00 ms.
Unloading 2079 Unused Serialized files (Serialized files now loaded: 0)
System memory in use before: 98.8 MB.
System memory in use after: 98.8 MB.

Unloading 21 unused Assets to reduce memory usage. Loaded Objects now: 2659.
Total: 1.969000 ms (FindLiveObjects: 0.184600 ms CreateObjectMapping: 0.081800 ms MarkObjects: 1.610400 ms  DeleteObjects: 0.091500 ms)

AssetImportParameters requested are different than current active one (requested -> active):
  custom:framework-win-MediaFoundation: 216162199b28c13a410421893ffa2e32 -> 
  custom:video-decoder-ogg-theora: a1e56fd34408186e4bbccfd4996cb3dc -> 
  custom:container-muxer-webm: aa71ff27fc2769a1b78a27578f13a17b -> 
  custom:container-demuxer-webm: 4f35f7cbe854078d1ac9338744f61a02 -> 
  custom:container-demuxer-ogg: 62fdf1f143b41e24485cea50d1cbac27 -> 
  custom:video-encoder-webm-vp8: eb34c28f22e8b96e1ab97ce403110664 -> 
  custom:video-decoder-webm-vp8: 9c59270c3fd7afecdb556c50c9e8de78 -> 
  custom:audio-decoder-ogg-vorbis: bf7c407c2cedff20999df2af8eb42d56 -> 
  custom:audio-encoder-webm-vorbis: bf7c407c2cedff20999df2af8eb42d56 -> 
========================================================================
Received Prepare
Registering precompiled user dll's ...
Registered in 0.006646 seconds.
Begin MonoManager ReloadAssembly
Native extension for WindowsStandalone target not found
Refreshing native plugins compatible for Editor in 0.43 ms, found 3 plugins.
Preloading 0 native plugins for Editor in 0.00 ms.
Mono: successfully reloaded assembly
- Completed reload, in  1.014 seconds
Platform modules already initialized, skipping
Refreshing native plugins compatible for Editor in 0.42 ms, found 3 plugins.
Preloading 0 native plugins for Editor in 0.00 ms.
Unloading 2079 Unused Serialized files (Serialized files now loaded: 0)
System memory in use before: 98.8 MB.
System memory in use after: 98.8 MB.

Unloading 21 unused Assets to reduce memory usage. Loaded Objects now: 2663.
Total: 1.995200 ms (FindLiveObjects: 0.201400 ms CreateObjectMapping: 0.086200 ms MarkObjects: 1.610400 ms  DeleteObjects: 0.096100 ms)

AssetImportParameters requested are different than current active one (requested -> active):
  custom:framework-win-MediaFoundation: 216162199b28c13a410421893ffa2e32 -> 
  custom:video-decoder-ogg-theora: a1e56fd34408186e4bbccfd4996cb3dc -> 
  custom:container-muxer-webm: aa71ff27fc2769a1b78a27578f13a17b -> 
  custom:container-demuxer-webm: 4f35f7cbe854078d1ac9338744f61a02 -> 
  custom:container-demuxer-ogg: 62fdf1f143b41e24485cea50d1cbac27 -> 
  custom:video-encoder-webm-vp8: eb34c28f22e8b96e1ab97ce403110664 -> 
  custom:video-decoder-webm-vp8: 9c59270c3fd7afecdb556c50c9e8de78 -> 
  custom:audio-decoder-ogg-vorbis: bf7c407c2cedff20999df2af8eb42d56 -> 
  custom:audio-encoder-webm-vorbis: bf7c407c2cedff20999df2af8eb42d56 -> 
========================================================================
Received Prepare
Registering precompiled user dll's ...
Registered in 0.007553 seconds.
Begin MonoManager ReloadAssembly
Native extension for WindowsStandalone target not found
Refreshing native plugins compatible for Editor in 0.41 ms, found 3 plugins.
Preloading 0 native plugins for Editor in 0.00 ms.
Mono: successfully reloaded assembly
- Completed reload, in  0.972 seconds
Platform modules already initialized, skipping
Refreshing native plugins compatible for Editor in 0.43 ms, found 3 plugins.
Preloading 0 native plugins for Editor in 0.00 ms.
Unloading 2079 Unused Serialized files (Serialized files now loaded: 0)
System memory in use before: 98.8 MB.
System memory in use after: 98.8 MB.

Unloading 21 unused Assets to reduce memory usage. Loaded Objects now: 2667.
Total: 1.972400 ms (FindLiveObjects: 0.185800 ms CreateObjectMapping: 0.077900 ms MarkObjects: 1.618800 ms  DeleteObjects: 0.089100 ms)

AssetImportParameters requested are different than current active one (requested -> active):
  custom:framework-win-MediaFoundation: 216162199b28c13a410421893ffa2e32 -> 
  custom:video-decoder-ogg-theora: a1e56fd34408186e4bbccfd4996cb3dc -> 
  custom:container-muxer-webm: aa71ff27fc2769a1b78a27578f13a17b -> 
  custom:container-demuxer-webm: 4f35f7cbe854078d1ac9338744f61a02 -> 
  custom:container-demuxer-ogg: 62fdf1f143b41e24485cea50d1cbac27 -> 
  custom:video-encoder-webm-vp8: eb34c28f22e8b96e1ab97ce403110664 -> 
  custom:video-decoder-webm-vp8: 9c59270c3fd7afecdb556c50c9e8de78 -> 
  custom:audio-decoder-ogg-vorbis: bf7c407c2cedff20999df2af8eb42d56 -> 
  custom:audio-encoder-webm-vorbis: bf7c407c2cedff20999df2af8eb42d56 -> 
AssetImportWorkerClient::OnTransportError - code=2 error=End of file
